[0m[[0m[0mdebug[0m] [0m[0m> Exec(clean; compile; run, Some(7893f9fe-0215-4c05-9505-abfa83db53d1), Some(CommandSource(console0)))[0m
[0m[[0m[0mdebug[0m] [0m[0m> Exec(clean, None, Some(CommandSource(console0)))[0m
[0m[[0m[0mdebug[0m] [0m[0mEvaluating tasks: clean[0m
[0m[[0m[0mdebug[0m] [0m[0mRunning task... Cancel: Signal, check cycles: false, forcegc: true[0m
[0m[[0m[32msuccess[0m] [0m[0mTotal time: 0 s, completed Jun 1, 2024, 8:56:03 PM[0m
[0m[[0m[0mdebug[0m] [0m[0m> Exec(compile, None, Some(CommandSource(console0)))[0m
[0m[[0m[0mdebug[0m] [0m[0mEvaluating tasks: Compile / compile[0m
[0m[[0m[0mdebug[0m] [0m[0mRunning task... Cancel: Signal, check cycles: false, forcegc: true[0m
[0m[[0m[0minfo[0m] [0m[0mcompiling 6 Scala sources to /home/ilya/programming/tasks/class/game/target/scala-3.4.1/classes ...[0m
[0m[[0m[33mwarn[0m] [0m[0m[33m[33m-- [E029] Pattern Match Exhaustivity Warning: /home/ilya/programming/tasks/class/game/src/main/scala/World.scala:41:4 [0m[0m[0m
[0m[[0m[33mwarn[0m] [0m[0m[33m41 |[0m    optP [33mmatch[0m {[0m
[0m[[0m[33mwarn[0m] [0m[0m[33m[33m   |[0m    ^^^^[0m[0m
[0m[[0m[33mwarn[0m] [0m[0m[33m   |[0m    [33mmatch[0m may not be exhaustive.[0m
[0m[[0m[33mwarn[0m] [0m[0m[33m   |[0m[0m
[0m[[0m[33mwarn[0m] [0m[0m[33m   |[0m    It would fail on pattern case: Some(_)[0m
[0m[[0m[33mwarn[0m] [0m[0m[33m   |[0m[0m
[0m[[0m[33mwarn[0m] [0m[0m[33m   |[0m longer explanation available when compiling with `-explain`[0m
[0m[[0m[33mwarn[0m] [0m[0mone warning found[0m
[0m[[0m[32msuccess[0m] [0m[0mTotal time: 1 s, completed Jun 1, 2024, 8:56:04 PM[0m
[0m[[0m[0mdebug[0m] [0m[0m> Exec(run, None, Some(CommandSource(console0)))[0m
[0m[[0m[0mdebug[0m] [0m[0mEvaluating tasks: Compile / run[0m
[0m[[0m[0mdebug[0m] [0m[0mRunning task... Cancel: Signal, check cycles: false, forcegc: true[0m
[0m[[0m[0mdebug[0m] [0m[0mForcing garbage collection...[0m
[0m[[0m[0minfo[0m] [0m[0mshutting down sbt server[0m
[0m[[0m[32msuccess[0m] [0m[0mTotal time: 3357 s (55:57), completed Jun 1, 2024, 9:52:01 PM[0m
[0m[[0m[0mdebug[0m] [0m[0m> Exec(shell, None, None)[0m
